<?xml version="1.0" encoding="UTF-8"?>
<!-- Generated by org.testng.reporters.JUnitReportReporter -->
<testsuite skipped="0" hostname="wh-chunqingz-01" name="quark.jautor.testcases.测试套件7e3c78f191ce463489aecbe24099160b" tests="1" failures="0" timestamp="25 五月 2018 07:12:01 GMT" time="6.631" errors="0">
  <testcase name="测试用例28e1fba3a1714a0a92308ed76583db5b" time="6.631" classname="quark.jautor.testcases.测试套件7e3c78f191ce463489aecbe24099160b"/>
</testsuite> <!-- quark.jautor.testcases.测试套件7e3c78f191ce463489aecbe24099160b -->
