<?xml version="1.0" encoding="UTF-8"?>
<!-- Generated by org.testng.reporters.JUnitReportReporter -->
<testsuite skipped="0" hostname="wh-chunqingz-01" name="quark.jautor.testcases.Sogoucce28d2274814e8d8f20657b20594eb5" tests="3" failures="0" timestamp="08 二月 2018 05:21:20 GMT" time="81.824" errors="0">
  <testcase name="sogou搜索f2aab86852bc4ef3a2bb24dbf9d43268" time="26.688" classname="quark.jautor.testcases.Sogoucce28d2274814e8d8f20657b20594eb5"/>
  <testcase name="sogou搜索f2aab86852bc4ef3a2bb24dbf9d43268" time="28.253" classname="quark.jautor.testcases.Sogoucce28d2274814e8d8f20657b20594eb5"/>
  <testcase name="sogou搜索f2aab86852bc4ef3a2bb24dbf9d43268" time="26.883" classname="quark.jautor.testcases.Sogoucce28d2274814e8d8f20657b20594eb5"/>
</testsuite> <!-- quark.jautor.testcases.Sogoucce28d2274814e8d8f20657b20594eb5 -->
