<?xml version="1.0" encoding="UTF-8"?>
<!-- Generated by org.testng.reporters.JUnitReportReporter -->
<testsuite skipped="0" hostname="wh-chunqingz-01" name="quark.jautor.testcases.Baidu3a6eaad4a9994d3080f10c28f444614f" tests="3" failures="0" timestamp="08 二月 2018 05:21:20 GMT" time="25.841" errors="0">
  <testcase name="baidu搜索7e456814361745aa87fbb3153bd13c5a" time="8.528" classname="quark.jautor.testcases.Baidu3a6eaad4a9994d3080f10c28f444614f"/>
  <testcase name="baidu搜索7e456814361745aa87fbb3153bd13c5a" time="10.769" classname="quark.jautor.testcases.Baidu3a6eaad4a9994d3080f10c28f444614f"/>
  <testcase name="baidu搜索7e456814361745aa87fbb3153bd13c5a" time="6.544" classname="quark.jautor.testcases.Baidu3a6eaad4a9994d3080f10c28f444614f"/>
</testsuite> <!-- quark.jautor.testcases.Baidu3a6eaad4a9994d3080f10c28f444614f -->
